WARNING:root:Your application has reached a rate/request limit. Retry will occur after: None
WARNING:root:Your application has reached a rate/request limit. Retry will occur after: None
WARNING:root:Your application has reached a rate/request limit. Retry will occur after: None
WARNING:root:Your application has reached a rate/request limit. Retry will occur after: None
ERROR:spotipy.client:Max Retries reached
WARNING:root:Your application has reached a rate/request limit. Retry will occur after: None
WARNING:root:Your application has reached a rate/request limit. Retry will occur after: None
Podcast IDs: ['4EwwdoHHYmbt49UXODQMpi', '2pXBpdfJoAo2iNz5G25nCP', '4n2SYRzAXUKDFccZ993ZEh', '6z2cewLloFTYiBrY84rM7z', '12CqPzHZXXX0nrkuwX9dNE', '42fDhii4v5RYuHTgy00un2', '54Vnd9qwrTaINwzCkTTIWO', '0cLJl7pvrr1bkUaKiVRggf', '0FTwiCMKTwCTmySy4u2X3j', '5dbvpKwtqz3X3hcX1BSEzf', '1OZb8uCoiy9vG5mIyL9ytg']
Playlist ID: 2C9mOayNI4OD4i2DamNsbm
🎧 Podcast: Las noticias de la SER | Episodio más reciente: Las noticias de la SER, 05:00 (17/04/2025)
🎧 Podcast: AM | Episodio más reciente: 'Puerta abierta' AM 16 abril 7:30am
🎧 Podcast: Hoy en EL PAÍS | Episodio más reciente: ¿Cómo refleja Nairobi la crisis de siniestralidad vial en África?
🎧 Podcast: EL MUNDO al día | Episodio más reciente: Cómo ir de vacaciones a EEUU y no acabar en la cárcel o deportado
🎧 Podcast: DESPIERTA TU CURIOSIDAD | Episodio más reciente: Cartago: la ciudad que desafió a Roma y fue borrada del mapa
🎧 Podcast: Hoy en la historia | Episodio más reciente: La batalla de Berlín precipita el final del Tercer Reich - Hoy en 1945
🎧 Podcast: Un tema Al Día | Episodio más reciente: Dejar propina: ¿sí o no? [R]
🎧 Podcast: Las Noticias de ABC | Episodio más reciente: La insuficiente oferta de plazas para la Guardia Civil hecha por Interior, los 'países seguros' para la UE, y el desapego diplomático entre EE.UU. y España 
🎧 Podcast: La Primera de Expansión | Episodio más reciente: Bruselas, BCE, 'Big Four' y Aena
🎧 Podcast: No es el fin del mundo | Episodio más reciente: 188. El regreso geopolítico del Reino Unido
🎧 Podcast: Clave Barroso | Episodio más reciente: Mazón No Respondía Llamadas, Fotos Eliminadas y Trump vs. España | Clave Barroso #142
⚠️ Error al obtener episodios de la playlist: http status: 429, code: -1 - /v1/playlists/2C9mOayNI4OD4i2DamNsbm/tracks?limit=100&offset=0&additional_types=track:
 Max Retries, reason: too many 502 error responses
🚫 Eliminando episodios anteriores de la playlist...
❌ No se encontraron episodios previos para eliminar.
🔄 Añadiendo episodios a la playlist...
✅ Respuesta del API: {'snapshot_id': 'AAACAuVZu/NnXMNQzBjquBxRpcPUvnGo'}
